#-----------------------------------------------------------
# Vivado v2017.4 (64-bit)
# SW Build 2086221 on Fri Dec 15 20:55:39 MST 2017
# IP Build 2085800 on Fri Dec 15 22:25:07 MST 2017
# Start of session at: Wed Dec 22 14:15:11 2021
# Process ID: 11840
# Current directory: C:/Users/Administrator/Downloads/DD_Proj_seg_finish/DD_Proj/project_1/project_1.srcs/sources_1/ip/image_0
# Command line: vivado.exe -gui_launcher_event rodinguilauncherevent7152 C:\Users\Administrator\Downloads\DD_Proj_seg_finish\DD_Proj\project_1\project_1.srcs\sources_1\ip\image_0\image_0.dcp
# Log file: C:/Users/Administrator/Downloads/DD_Proj_seg_finish/DD_Proj/project_1/project_1.srcs/sources_1/ip/image_0/vivado.log
# Journal file: C:/Users/Administrator/Downloads/DD_Proj_seg_finish/DD_Proj/project_1/project_1.srcs/sources_1/ip/image_0\vivado.jou
#-----------------------------------------------------------
start_gui
open_checkpoint {C:\Users\Administrator\Downloads\DD_Proj_seg_finish\DD_Proj\project_1\project_1.srcs\sources_1\ip\image_0\image_0.dcp}
Command: open_checkpoint {C:\Users\Administrator\Downloads\DD_Proj_seg_finish\DD_Proj\project_1\project_1.srcs\sources_1\ip\image_0\image_0.dcp}

Starting open_checkpoint Task

Time (s): cpu = 00:00:00 ; elapsed = 00:00:00.022 . Memory (MB): peak = 723.309 ; gain = 0.000
INFO: [IP_Flow 19-234] Refreshing IP repositories
INFO: [IP_Flow 19-1704] No user IP repositories specified
INFO: [IP_Flow 19-2313] Loaded Vivado IP repository 'C:/Xilinx/Vivado/2017.4/data/ip'.
INFO: [Netlist 29-17] Analyzing 161 Unisim elements for replacement
INFO: [Netlist 29-28] Unisim Transformation completed in 0 CPU seconds
INFO: [Project 1-479] Netlist was created with Vivado 2017.4
INFO: [Device 21-403] Loading part xc7a100tfgg484-1
INFO: [Project 1-570] Preparing netlist for logic optimization
INFO: [Project 1-111] Unisim Transformation Summary:
No Unisim elements were transformed.

INFO: [Project 1-604] Checkpoint was created with Vivado v2017.4 (64-bit) build 2086221
open_checkpoint: Time (s): cpu = 00:00:19 ; elapsed = 00:00:12 . Memory (MB): peak = 1227.008 ; gain = 514.488
exit
INFO: [Common 17-206] Exiting Vivado at Wed Dec 22 14:15:49 2021...
