#-----------------------------------------------------------
# Vivado v2017.4 (64-bit)
# SW Build 2086221 on Fri Dec 15 20:55:39 MST 2017
# IP Build 2085800 on Fri Dec 15 22:25:07 MST 2017
# Start of session at: Tue Dec 21 11:11:34 2021
# Process ID: 11892
# Current directory: C:/Users/Administrator/Downloads/DD_Proj/DD_Proj/project_1
# Command line: vivado.exe -gui_launcher_event rodinguilauncherevent4648 C:\Users\Administrator\Downloads\DD_Proj\DD_Proj\project_1\project_1.xpr
# Log file: C:/Users/Administrator/Downloads/DD_Proj/DD_Proj/project_1/vivado.log
# Journal file: C:/Users/Administrator/Downloads/DD_Proj/DD_Proj/project_1\vivado.jou
#-----------------------------------------------------------
start_gui
open_project C:/Users/Administrator/Downloads/DD_Proj/DD_Proj/project_1/project_1.xpr
Scanning sources...
Finished scanning sources
INFO: [IP_Flow 19-234] Refreshing IP repositories
INFO: [IP_Flow 19-1704] No user IP repositories specified
INFO: [IP_Flow 19-2313] Loaded Vivado IP repository 'C:/Xilinx/Vivado/2017.4/data/ip'.
open_project: Time (s): cpu = 00:00:11 ; elapsed = 00:00:06 . Memory (MB): peak = 888.270 ; gain = 166.660
update_compile_order -fileset sources_1
export_ip_user_files -of_objects  [get_files C:/Users/Administrator/Downloads/DD_Proj/DD_Proj/project_1/project_1.srcs/sources_1/new/vga.v] -no_script -reset -force -quiet
remove_files  C:/Users/Administrator/Downloads/DD_Proj/DD_Proj/project_1/project_1.srcs/sources_1/new/vga.v
update_compile_order -fileset sources_1
export_ip_user_files -of_objects  [get_files C:/Users/Administrator/Downloads/DD_Proj/DD_Proj/project_1/project_1.srcs/sources_1/new/vga_sync.v] -no_script -reset -force -quiet
remove_files  C:/Users/Administrator/Downloads/DD_Proj/DD_Proj/project_1/project_1.srcs/sources_1/new/vga_sync.v
close [ open C:/Users/Administrator/Downloads/DD_Proj/DD_Proj/project_1/project_1.srcs/sources_1/new/seg_tube.v w ]
add_files C:/Users/Administrator/Downloads/DD_Proj/DD_Proj/project_1/project_1.srcs/sources_1/new/seg_tube.v
update_compile_order -fileset sources_1
export_ip_user_files -of_objects  [get_files C:/Users/Administrator/Downloads/DD_Proj/DD_Proj/project_1/project_1.srcs/sources_1/03087bf40ad162d9f2d351a51795beec8a136327677a.coe] -no_script -reset -force -quiet
remove_files  C:/Users/Administrator/Downloads/DD_Proj/DD_Proj/project_1/project_1.srcs/sources_1/03087bf40ad162d9f2d351a51795beec8a136327677a.coe
export_ip_user_files -of_objects  [get_files C:/Users/Administrator/Downloads/DD_Proj/DD_Proj/project_1/project_1.srcs/sources_1/ip/image_0/image_0.xci] -no_script -reset -force -quiet
remove_files  -fileset image_0 C:/Users/Administrator/Downloads/DD_Proj/DD_Proj/project_1/project_1.srcs/sources_1/ip/image_0/image_0.xci
INFO: [Project 1-386] Moving file 'C:/Users/Administrator/Downloads/DD_Proj/DD_Proj/project_1/project_1.srcs/sources_1/ip/image_0/image_0.xci' from fileset 'image_0' to fileset 'sources_1'.
update_compile_order -fileset sources_1
reset_run synth_1
launch_runs synth_1 -jobs 6
[Tue Dec 21 11:23:37 2021] Launched synth_1...
Run output will be captured here: C:/Users/Administrator/Downloads/DD_Proj/DD_Proj/project_1/project_1.runs/synth_1/runme.log
launch_runs impl_1 -jobs 6
[Tue Dec 21 11:24:56 2021] Launched impl_1...
Run output will be captured here: C:/Users/Administrator/Downloads/DD_Proj/DD_Proj/project_1/project_1.runs/impl_1/runme.log
reset_run impl_1 -prev_step 
reset_run synth_1
launch_runs synth_1 -jobs 6
[Tue Dec 21 11:25:33 2021] Launched synth_1...
Run output will be captured here: C:/Users/Administrator/Downloads/DD_Proj/DD_Proj/project_1/project_1.runs/synth_1/runme.log
launch_runs impl_1 -jobs 6
[Tue Dec 21 11:26:16 2021] Launched impl_1...
Run output will be captured here: C:/Users/Administrator/Downloads/DD_Proj/DD_Proj/project_1/project_1.runs/impl_1/runme.log
launch_runs impl_1 -to_step write_bitstream -jobs 6
[Tue Dec 21 11:27:19 2021] Launched impl_1...
Run output will be captured here: C:/Users/Administrator/Downloads/DD_Proj/DD_Proj/project_1/project_1.runs/impl_1/runme.log
open_hw
connect_hw_server
INFO: [Labtools 27-2285] Connecting to hw_server url TCP:localhost:3121
INFO: [Labtools 27-2222] Launching hw_server...
INFO: [Labtools 27-2221] Launch Output:

****** Xilinx hw_server v2017.4
  **** Build date : Dec 15 2017-21:08:27
    ** Copyright 1986-2017 Xilinx, Inc. All Rights Reserved.


open_hw_target
INFO: [Labtoolstcl 44-466] Opening hw_target localhost:3121/xilinx_tcf/Xilinx/1234-tulA
set_property PROGRAM.FILE {C:/Users/Administrator/Downloads/DD_Proj/DD_Proj/project_1/project_1.runs/impl_1/seg_tube.bit} [get_hw_devices xc7a100t_0]
current_hw_device [get_hw_devices xc7a100t_0]
refresh_hw_device -update_hw_probes false [lindex [get_hw_devices xc7a100t_0] 0]
INFO: [Labtools 27-1435] Device xc7a100t (JTAG device index = 0) is not programmed (DONE status = 0).
set_property PROBES.FILE {} [get_hw_devices xc7a100t_0]
set_property FULL_PROBES.FILE {} [get_hw_devices xc7a100t_0]
set_property PROGRAM.FILE {C:/Users/Administrator/Downloads/DD_Proj/DD_Proj/project_1/project_1.runs/impl_1/seg_tube.bit} [get_hw_devices xc7a100t_0]
program_hw_devices [get_hw_devices xc7a100t_0]
INFO: [Labtools 27-3164] End of startup status: HIGH
refresh_hw_device [lindex [get_hw_devices xc7a100t_0] 0]
INFO: [Labtools 27-1434] Device xc7a100t (JTAG device index = 0) is programmed with a design that has no supported debug core(s) in it.
WARNING: [Labtools 27-3361] The debug hub core was not detected.
Resolution: 
1. Make sure the clock connected to the debug hub (dbg_hub) core is a free running clock and is active.
2. Make sure the BSCAN_SWITCH_USER_MASK device property in Vivado Hardware Manager reflects the user scan chain setting in the design and refresh the device.  To determine the user scan chain setting in the design, open the implemented design and use 'get_property C_USER_SCAN_CHAIN [get_debug_cores dbg_hub]'.
For more details on setting the scan chain property, consult the Vivado Debug and Programming User Guide (UG908).
ERROR: [Labtoolstcl 44-513] HW Target shutdown. Closing target: localhost:3121/xilinx_tcf/Xilinx/1234-tulA
update_compile_order -fileset sources_1
update_compile_order -fileset sources_1
update_compile_order -fileset sources_1
update_compile_order -fileset sources_1
update_compile_order -fileset sources_1
update_compile_order -fileset sources_1
close [ open C:/Users/Administrator/Downloads/DD_Proj/DD_Proj/project_1/project_1.srcs/sources_1/new/seg_functions.v w ]
add_files C:/Users/Administrator/Downloads/DD_Proj/DD_Proj/project_1/project_1.srcs/sources_1/new/seg_functions.v
update_compile_order -fileset sources_1
update_compile_order -fileset sources_1
reset_run synth_1
launch_runs synth_1 -jobs 6
[Tue Dec 21 11:52:31 2021] Launched synth_1...
Run output will be captured here: C:/Users/Administrator/Downloads/DD_Proj/DD_Proj/project_1/project_1.runs/synth_1/runme.log
reset_run synth_1
launch_runs synth_1 -jobs 6
[Tue Dec 21 11:53:58 2021] Launched synth_1...
Run output will be captured here: C:/Users/Administrator/Downloads/DD_Proj/DD_Proj/project_1/project_1.runs/synth_1/runme.log
launch_runs impl_1 -jobs 6
[Tue Dec 21 11:54:38 2021] Launched impl_1...
Run output will be captured here: C:/Users/Administrator/Downloads/DD_Proj/DD_Proj/project_1/project_1.runs/impl_1/runme.log
launch_runs impl_1 -to_step write_bitstream -jobs 6
[Tue Dec 21 11:55:41 2021] Launched impl_1...
Run output will be captured here: C:/Users/Administrator/Downloads/DD_Proj/DD_Proj/project_1/project_1.runs/impl_1/runme.log
disconnect_hw_server localhost:3121
connect_hw_server
INFO: [Labtools 27-2285] Connecting to hw_server url TCP:localhost:3121
open_hw_target
INFO: [Labtoolstcl 44-466] Opening hw_target localhost:3121/xilinx_tcf/Xilinx/1234-tulA
set_property PROGRAM.FILE {C:/Users/Administrator/Downloads/DD_Proj/DD_Proj/project_1/project_1.runs/impl_1/seg_functions.bit} [get_hw_devices xc7a100t_0]
current_hw_device [get_hw_devices xc7a100t_0]
refresh_hw_device -update_hw_probes false [lindex [get_hw_devices xc7a100t_0] 0]
INFO: [Labtools 27-1435] Device xc7a100t (JTAG device index = 0) is not programmed (DONE status = 0).
set_property PROBES.FILE {} [get_hw_devices xc7a100t_0]
set_property FULL_PROBES.FILE {} [get_hw_devices xc7a100t_0]
set_property PROGRAM.FILE {C:/Users/Administrator/Downloads/DD_Proj/DD_Proj/project_1/project_1.runs/impl_1/seg_functions.bit} [get_hw_devices xc7a100t_0]
program_hw_devices [get_hw_devices xc7a100t_0]
INFO: [Labtools 27-3164] End of startup status: HIGH
refresh_hw_device [lindex [get_hw_devices xc7a100t_0] 0]
INFO: [Labtools 27-1434] Device xc7a100t (JTAG device index = 0) is programmed with a design that has no supported debug core(s) in it.
WARNING: [Labtools 27-3361] The debug hub core was not detected.
Resolution: 
1. Make sure the clock connected to the debug hub (dbg_hub) core is a free running clock and is active.
2. Make sure the BSCAN_SWITCH_USER_MASK device property in Vivado Hardware Manager reflects the user scan chain setting in the design and refresh the device.  To determine the user scan chain setting in the design, open the implemented design and use 'get_property C_USER_SCAN_CHAIN [get_debug_cores dbg_hub]'.
For more details on setting the scan chain property, consult the Vivado Debug and Programming User Guide (UG908).
ERROR: [Labtoolstcl 44-513] HW Target shutdown. Closing target: localhost:3121/xilinx_tcf/Xilinx/1234-tulA
disconnect_hw_server localhost:3121
connect_hw_server
INFO: [Labtools 27-2285] Connecting to hw_server url TCP:localhost:3121
ERROR: [Labtoolstcl 44-494] There is no active target available for server at localhost.
 Targets(s) ", jsn-TUL-1234-tulA" may be locked by another hw_server.
disconnect_hw_server localhost:3121
connect_hw_server
INFO: [Labtools 27-2285] Connecting to hw_server url TCP:localhost:3121
open_hw_target
INFO: [Labtoolstcl 44-466] Opening hw_target localhost:3121/xilinx_tcf/Xilinx/1234-tulA
set_property PROGRAM.FILE {C:/Users/Administrator/Downloads/DD_Proj/DD_Proj/project_1/project_1.runs/impl_1/seg_functions.bit} [get_hw_devices xc7a100t_0]
current_hw_device [get_hw_devices xc7a100t_0]
refresh_hw_device -update_hw_probes false [lindex [get_hw_devices xc7a100t_0] 0]
INFO: [Labtools 27-1435] Device xc7a100t (JTAG device index = 0) is not programmed (DONE status = 0).
set_property PROBES.FILE {} [get_hw_devices xc7a100t_0]
set_property FULL_PROBES.FILE {} [get_hw_devices xc7a100t_0]
set_property PROGRAM.FILE {C:/Users/Administrator/Downloads/DD_Proj/DD_Proj/project_1/project_1.runs/impl_1/seg_functions.bit} [get_hw_devices xc7a100t_0]
program_hw_devices [get_hw_devices xc7a100t_0]
INFO: [Labtools 27-3164] End of startup status: HIGH
refresh_hw_device [lindex [get_hw_devices xc7a100t_0] 0]
INFO: [Labtools 27-1434] Device xc7a100t (JTAG device index = 0) is programmed with a design that has no supported debug core(s) in it.
WARNING: [Labtools 27-3361] The debug hub core was not detected.
Resolution: 
1. Make sure the clock connected to the debug hub (dbg_hub) core is a free running clock and is active.
2. Make sure the BSCAN_SWITCH_USER_MASK device property in Vivado Hardware Manager reflects the user scan chain setting in the design and refresh the device.  To determine the user scan chain setting in the design, open the implemented design and use 'get_property C_USER_SCAN_CHAIN [get_debug_cores dbg_hub]'.
For more details on setting the scan chain property, consult the Vivado Debug and Programming User Guide (UG908).
ERROR: [Labtoolstcl 44-513] HW Target shutdown. Closing target: localhost:3121/xilinx_tcf/Xilinx/1234-tulA
exit
INFO: [Common 17-206] Exiting Vivado at Tue Dec 21 12:25:53 2021...
