Exception at PC 0x00007FFEEFBA9129
Exception at PC 0x00007FFEEFBA9129
Exception at PC 0x00007FFEEFBA9129
Exception at PC 0x00007FFEEFBA9129
Exception at PC 0x00007FFE81B1E132
Attemped to write at address 0x00007FFEB18C4AA4
Printing stacktrace...

[0]  [0x00007FFE81B1E132]
[1]  [0x00007FFE81B1E132]
[2]  [0x00007FFE81B1E194]
[3]  [0x00007FFE8176D0D7]
[4]  [0x00007FFE81652BCA]
[5]  [0x00007FFE81652FD1]
[6]  [0x00007FFE81B1EB2F]
[7]  [0x00007FFE819DC19D]
[8]  [0x00007FFE819D5942]
[9]  [0x00007FFE819D5AB5]
[10] (RtlAnsiStringToUnicodeString+0x297) [0x00007FFEF3A68F07]
[11] (LdrShutdownProcess+0x12c) [0x00007FFEF3A635BC]
[12] (RtlExitUserProcess+0xad) [0x00007FFEF3A86DCD]
[13] (ExitProcess+0xa) [0x00007FFEF348D62A]
[14] (exit+0x85) [0x00007FFEF0C8A2E5]
[15] (initterm_e+0x245) [0x00007FFEF0C8A955]
[16]  [0x00000000004014CD]
[17]  [0x000000000040151B]
[18] (BaseThreadInitThunk+0x14) [0x00007FFEF3487974]
[19] (RtlUserThreadStart+0x21) [0x00007FFEF3A8A271]
Done
